#
# There is insufficient memory for the Java Runtime Environment to continue.
# Native memory allocation (malloc) failed to allocate 1048576 bytes for AllocateHeap
# Possible reasons:
#   The system is out of physical RAM or swap space
#   The process is running with CompressedOops enabled, and the Java Heap may be blocking the growth of the native heap
# Possible solutions:
#   Reduce memory load on the system
#   Increase physical memory or swap space
#   Check if swap backing store is full
#   Decrease Java heap size (-Xmx/-Xms)
#   Decrease number of Java threads
#   Decrease Java thread stack sizes (-Xss)
#   Set larger code cache with -XX:ReservedCodeCacheSize=
#   JVM is running with Unscaled Compressed Oops mode in which the Java heap is
#     placed in the first 4GB address space. The Java Heap base address is the
#     maximum limit for the native heap growth. Please use -XX:HeapBaseMinAddress
#     to set the Java Heap base and to place the Java Heap above 4GB virtual address.
# This output file may be truncated or incomplete.
#
#  Out of Memory Error (memory/allocation.inline.hpp:61), pid=5612, tid=0x0000000000001628
#
# JRE version:  (8.0_201-b09) (build )
# Java VM: Java HotSpot(TM) 64-Bit Server VM (25.201-b09 mixed mode windows-amd64 compressed oops)
# Failed to write core dump. Minidumps are not enabled by default on client versions of Windows
#

---------------  T H R E A D  ---------------

Current thread (0x0000000002d6e000):  JavaThread "Unknown thread" [_thread_in_vm, id=5672, stack(0x0000000003100000,0x0000000003200000)]

Stack: [0x0000000003100000,0x0000000003200000]
[error occurred during error reporting (printing stack bounds), id 0xc0000005]

Native frames: (J=compiled Java code, j=interpreted, Vv=VM code, C=native code)


---------------  P R O C E S S  ---------------

Java Threads: ( => current thread )

Other Threads:

=>0x0000000002d6e000 (exited) JavaThread "Unknown thread" [_thread_in_vm, id=5672, stack(0x0000000003100000,0x0000000003200000)]

VM state:not at safepoint (normal execution)

VM Mutex/Monitor currently owned by a thread: None

heap address: 0x0000000088e00000, size: 1906 MB, Compressed Oops mode: 32-bit
Narrow klass base: 0x0000000000000000, Narrow klass shift: 3
Compressed class space size: 1073741824 Address: 0x0000000100000000

Heap:
 PSYoungGen      total 35840K, used 614K [0x00000000d8500000, 0x00000000dad00000, 0x0000000100000000)
  eden space 30720K, 2% used [0x00000000d8500000,0x00000000d85999a8,0x00000000da300000)
  from space 5120K, 0% used [0x00000000da800000,0x00000000da800000,0x00000000dad00000)
  to   space 5120K, 0% used [0x00000000da300000,0x00000000da300000,0x00000000da800000)
 ParOldGen       total 81920K, used 0K [0x0000000088e00000, 0x000000008de00000, 0x00000000d8500000)
  object space 81920K, 0% used [0x0000000088e00000,0x0000000088e00000,0x000000008de00000)
 Metaspace       used 751K, capacity 4480K, committed 4480K, reserved 1056768K
  class space    used 76K, capacity 384K, committed 384K, reserved 1048576K

Card table byte_map: [0x00000000126c0000,0x0000000012a80000] byte_map_base: 0x0000000012279000

Marking Bits: (ParMarkBitMap*) 0x0000000055b94ce0
 Begin Bits: [0x0000000013500000, 0x00000000152c8000)
 End Bits:   [0x00000000152c8000, 0x0000000017090000)

Polling page: 0x0000000001050000

CodeCache: size=245760Kb used=328Kb max_used=328Kb free=245431Kb
 bounds [0x0000000003300000, 0x0000000003570000, 0x0000000012300000]
 total_blobs=58 nmethods=0 adapters=38
 compilation: enabled

Compilation events (0 events):
No events

GC Heap History (0 events):
No events

Deoptimization events (0 events):
No events

Classes redefined (0 events):
No events

Internal exceptions (0 events):
No events

Events (10 events):
Event: 0.047 loading class java/lang/Short
Event: 0.047 loading class java/lang/Short done
Event: 0.047 loading class java/lang/Integer
Event: 0.047 loading class java/lang/Integer done
Event: 0.047 loading class java/lang/Long
Event: 0.047 loading class java/lang/Long done
Event: 0.048 loading class java/lang/NullPointerException
Event: 0.048 loading class java/lang/NullPointerException done
Event: 0.048 loading class java/lang/ArithmeticException
Event: 0.048 loading class java/lang/ArithmeticException done


Dynamic libraries:
0x00007ff6793b0000 - 0x00007ff6793e7000 	C:\Program Files\Java\jre1.8.0_201\bin\javaw.exe
0x00007ffef7020000 - 0x00007ffef7201000 	C:\Windows\SYSTEM32\ntdll.dll
0x00007ffef4b60000 - 0x00007ffef4c11000 	C:\Windows\System32\KERNEL32.DLL
0x00007ffef3de0000 - 0x00007ffef4053000 	C:\Windows\System32\KERNELBASE.dll
0x00007ffef4ab0000 - 0x00007ffef4b51000 	C:\Windows\System32\ADVAPI32.dll
0x00007ffef6f20000 - 0x00007ffef6fbe000 	C:\Windows\System32\msvcrt.dll
0x00007ffef5050000 - 0x00007ffef50ab000 	C:\Windows\System32\sechost.dll
0x00007ffef6c20000 - 0x00007ffef6d44000 	C:\Windows\System32\RPCRT4.dll
0x00007ffef45a0000 - 0x00007ffef4730000 	C:\Windows\System32\USER32.dll
0x00007ffef42f0000 - 0x00007ffef4310000 	C:\Windows\System32\win32u.dll
0x00007ffef6fc0000 - 0x00007ffef6fe8000 	C:\Windows\System32\GDI32.dll
0x00007ffef4310000 - 0x00007ffef44a1000 	C:\Windows\System32\gdi32full.dll
0x00007ffef3b50000 - 0x00007ffef3bef000 	C:\Windows\System32\msvcp_win.dll
0x00007ffef4140000 - 0x00007ffef4238000 	C:\Windows\System32\ucrtbase.dll
0x00007ffee69a0000 - 0x00007ffee6c09000 	C:\Windows\WinSxS\amd64_microsoft.windows.common-controls_6595b64144ccf1df_6.0.17134.829_none_fb46a5473061b9d5\COMCTL32.dll
0x00007ffef4cf0000 - 0x00007ffef5012000 	C:\Windows\System32\combase.dll
0x00007ffef40c0000 - 0x00007ffef413a000 	C:\Windows\System32\bcryptPrimitives.dll
0x00007ffef5020000 - 0x00007ffef504d000 	C:\Windows\System32\IMM32.DLL
0x00000000551b0000 - 0x0000000055281000 	C:\Program Files\Java\jre1.8.0_201\bin\msvcr100.dll
0x0000000055370000 - 0x0000000055c14000 	C:\Program Files\Java\jre1.8.0_201\bin\server\jvm.dll
0x00007ffef50b0000 - 0x00007ffef50b8000 	C:\Windows\System32\PSAPI.DLL
0x00007ffee7780000 - 0x00007ffee778a000 	C:\Windows\SYSTEM32\VERSION.dll
0x00007ffef1690000 - 0x00007ffef16b3000 	C:\Windows\SYSTEM32\WINMM.dll
0x00007ffeeb980000 - 0x00007ffeeb989000 	C:\Windows\SYSTEM32\WSOCK32.dll
0x00007ffef6bb0000 - 0x00007ffef6c1c000 	C:\Windows\System32\WS2_32.dll
0x00007ffef1630000 - 0x00007ffef165a000 	C:\Windows\SYSTEM32\WINMMBASE.dll
0x00007ffef33f0000 - 0x00007ffef3439000 	C:\Windows\System32\cfgmgr32.dll
0x00007ffeeb640000 - 0x00007ffeeb64f000 	C:\Program Files\Java\jre1.8.0_201\bin\verify.dll
0x00007ffeddcc0000 - 0x00007ffeddce9000 	C:\Program Files\Java\jre1.8.0_201\bin\java.dll
0x00007ffee7ab0000 - 0x00007ffee7ac6000 	C:\Program Files\Java\jre1.8.0_201\bin\zip.dll

VM Arguments:
jvm_args: -Dfile.encoding=UTF-8 
java_command: project.timeTest
java_class_path (initial): C:\Users\User\eclipse-workspace\Timer\bin
Launcher Type: SUN_STANDARD

Environment Variables:
JAVA_HOME=C:\Program Files\Java\jdk1.8.0_201\bin
PATH=C:/Program Files/Java/jre1.8.0_201/bin/server;C:/Program Files/Java/jre1.8.0_201/bin;C:/Program Files/Java/jre1.8.0_201/lib/amd64;C:\Program Files (x86)\Common Files\Oracle\Java\javapath;C:\Program Files (x86)\Intel\iCLS Client\;C:\Program Files\Intel\iCLS Client\;C:\Windows\system32;C:\Windows;C:\Windows\System32\Wbem;C:\Windows\System32\WindowsPowerShell\v1.0\;C:\Windows\System32\OpenSSH\;C:\Program Files (x86)\Intel\Intel(R) Management Engine Components\DAL;C:\Program Files\Intel\Intel(R) Management Engine Components\DAL;C:\Program Files (x86)\Intel\Intel(R) Management Engine Components\IPT;C:\Program Files\Intel\Intel(R) Management Engine Components\IPT;C:\Program Files\Git\cmd;C:\Program Files\dotnet\;C:\Program Files (x86)\Microsoft SQL Server\100\Tools\Binn\;C:\Program Files\Microsoft SQL Server\100\Tools\Binn\;C:\Program Files\Microsoft SQL Server\100\DTS\Binn\;C:\Program Files\Java\jdk1.8.0_201\bin;C:\Program Files\Java\jdk1.8.0_201\bin;C:\Users\User\AppData\Local\Programs\Python\Python36\Scripts\;C:\Users\User\AppData\Local\Programs\Python\Python36\;C:\Users\User\AppData\Local\Microsoft\WindowsApps;C:\Users\User\AppData\Local\hyper\app-2.0.0\resources\bin;C:\Program Files\Microsoft VS Code\bin;C:\iverilog\bin;;C:\Windows\System32;
USERNAME=User
OS=Windows_NT
PROCESSOR_IDENTIFIER=Intel64 Family 6 Model 142 Stepping 10, GenuineIntel



---------------  S Y S T E M  ---------------

OS: Windows 10.0 , 64 bit Build 17134 (10.0.17134.753)

CPU:total 8 (initial active 8) (4 cores per cpu, 2 threads per core) family 6 model 142 stepping 10, cmov, cx8, fxsr, mmx, sse, sse2, sse3, ssse3, sse4.1, sse4.2, popcnt, avx, avx2, aes, clmul, erms, 3dnowpref, lzcnt, ht, tsc, tscinvbit, bmi1, bmi2, adx

Memory: 4k page, physical 7803872k(1527188k free), swap 31921120k(5592k free)

vm_info: Java HotSpot(TM) 64-Bit Server VM (25.201-b09) for windows-amd64 JRE (1.8.0_201-b09), built on Dec 15 2018 18:36:39 by "java_re" with MS VC++ 10.0 (VS2010)

time: Wed Jun 19 15:57:02 2019
timezone: 대한민국 표준시
elapsed time: 0 seconds (0d 0h 0m 0s)

